{"level":"info","message":"Server running on port 5000","timestamp":"2026-02-13 14:15:12"}
{"level":"info","message":"WebSocket server ready","timestamp":"2026-02-13 14:15:12"}
{"level":"info","message":"All optimization modules loaded successfully","timestamp":"2026-02-13 14:15:12"}
{"level":"info","message":"be752382-275d-4f81-bdb2-3362a2bbc6a7 POST /api/send-otp 200 35 - 3854.347 ms","timestamp":"2026-02-13 14:18:58"}
{"level":"info","message":"0116d162-391f-4dc2-b897-12fae3045c32 POST /api/verify-otp 200 39 - 48.099 ms","timestamp":"2026-02-13 14:19:17"}
{"level":"info","message":"3a0d96ab-053e-46d3-b128-c290e7fff478 POST /api/verify-otp 404 66 - 12.548 ms","timestamp":"2026-02-13 14:19:28"}
{"level":"info","message":"6f4f748c-8ad4-47e9-a9fd-6b10ae2abd7c POST /api/verify-otp 429 68 - 2.732 ms","timestamp":"2026-02-13 14:19:29"}
{"level":"info","message":"dc3bc015-32e4-4371-b6c5-a8f460022777 POST /api/send-otp 429 68 - 9.805 ms","timestamp":"2026-02-13 14:20:08"}
{"level":"info","message":"7119bc2a-55f9-4794-b0bf-d2084f5343b7 POST /api/send-otp 429 68 - 1.041 ms","timestamp":"2026-02-13 14:21:40"}
{"level":"warn","message":"User not found","timestamp":"2026-02-13 14:27:29","uid":"619KiLY9kGQBfmb5FfM3zP26gKC3"}
{"level":"info","message":"d4533f38-83e3-44ea-8bdb-dee7698df48a GET /api/user-role/619KiLY9kGQBfmb5FfM3zP26gKC3 404 26 - 172.399 ms","timestamp":"2026-02-13 14:27:29"}
{"level":"info","message":"edae38f0-2dde-4600-974d-58a6cbfb4e27 GET /api/workbooks?owner_id=619KiLY9kGQBfmb5FfM3zP26gKC3 200 2 - 43.190 ms","timestamp":"2026-02-13 14:27:31"}
{"level":"info","message":"58a037f3-d5c5-4669-a69e-cda39afc03d5 GET /api/workbooks?owner_id=619KiLY9kGQBfmb5FfM3zP26gKC3 304 - - 33.453 ms","timestamp":"2026-02-13 14:28:07"}
{"fileName":"file_example_XLS_10 (1).xls","level":"info","message":"Processing Excel file","timestamp":"2026-02-13 14:28:21","workbookId":2}
{"error":"Can't find end of central directory : is this a zip file ? If it is, see https://stuk.github.io/jszip/documentation/howto/read_zip.html","fileName":"file_example_XLS_10 (1).xls","level":"error","message":"Error processing upload","owner_id":"619KiLY9kGQBfmb5FfM3zP26gKC3","timestamp":"2026-02-13 14:28:21"}
{"level":"info","message":"4ba393a2-46f0-41a1-b26a-34b505a5f12a POST /api/workbooks/upload 500 147 - 194.611 ms","timestamp":"2026-02-13 14:28:21"}
{"fileName":"file_example_XLSX_50.xlsx","level":"info","message":"Processing Excel file","timestamp":"2026-02-13 14:28:36","workbookId":3}
{"fileName":"file_example_XLSX_50.xlsx","level":"info","message":"Workbook uploaded successfully","owner_id":"619KiLY9kGQBfmb5FfM3zP26gKC3","timestamp":"2026-02-13 14:28:37","totalCells":408,"workbookId":3}
{"level":"info","message":"c1c743f8-83c8-481e-8b40-242d5b8ffb62 POST /api/workbooks/upload 201 280 - 918.173 ms","timestamp":"2026-02-13 14:28:37"}
{"level":"info","message":"7644a970-cdc8-4822-af31-c1829a0a421f GET /api/workbooks/3 200 8220 - 38.375 ms","timestamp":"2026-02-13 14:28:37"}
{"level":"info","message":"72e22d76-12af-4e24-90c3-cc8ad8551b2f GET /api/workbooks/3/commits?limit=50&offset=0 200 225 - 23.402 ms","timestamp":"2026-02-13 14:30:08"}
{"level":"info","message":"f97d6875-b15d-4348-9742-5714f4605712 POST /api/workbooks/3/rollback 200 282 - 541.211 ms","timestamp":"2026-02-13 14:30:22"}
{"level":"warn","message":"User not found","timestamp":"2026-02-13 14:30:26","uid":"619KiLY9kGQBfmb5FfM3zP26gKC3"}
{"level":"info","message":"f60da133-982f-45db-94b5-b15099a54b03 GET /api/user-role/619KiLY9kGQBfmb5FfM3zP26gKC3 404 26 - 2.748 ms","timestamp":"2026-02-13 14:30:26"}
{"level":"info","message":"1ab07ddc-5281-4a9d-ab88-7208be05ef8d GET /api/workbooks/3 304 - - 20.548 ms","timestamp":"2026-02-13 14:30:27"}
{"level":"info","message":"01d64a5d-6efd-4f7a-b9e9-64f7d1bcf70d GET /api/workbooks?owner_id=619KiLY9kGQBfmb5FfM3zP26gKC3 200 167 - 2.359 ms","timestamp":"2026-02-13 14:32:15"}
{"level":"warn","message":"User not found","timestamp":"2026-02-13 14:32:20","uid":"619KiLY9kGQBfmb5FfM3zP26gKC3"}
{"level":"info","message":"2f2c6c00-eb1d-4ec7-9c74-fa7fdfbbb923 GET /api/user-role/619KiLY9kGQBfmb5FfM3zP26gKC3 404 26 - 2.660 ms","timestamp":"2026-02-13 14:32:20"}
{"level":"info","message":"3d993e62-3250-41ce-b2c0-ccc863ed98c2 GET /api/workbooks?owner_id=619KiLY9kGQBfmb5FfM3zP26gKC3 304 - - 3.063 ms","timestamp":"2026-02-13 14:32:21"}
{"level":"info","message":"bb4e0135-d832-4cb4-bc24-0e2dce44390d GET /api/workbooks/3 304 - - 16.820 ms","timestamp":"2026-02-13 14:32:25"}
{"commitId":9,"level":"info","message":"Commit created successfully","timestamp":"2026-02-13 14:32:28","user_id":"619KiLY9kGQBfmb5FfM3zP26gKC3","workbook_id":3}
{"level":"info","message":"df5a6076-3087-404b-aa74-19c742aecf0a POST /api/commits 201 237 - 314.266 ms","timestamp":"2026-02-13 14:32:28"}
{"level":"info","message":"ca38e5bc-76f1-4b20-81e1-1a3405068922 GET /api/workbooks?owner_id=619KiLY9kGQBfmb5FfM3zP26gKC3 304 - - 2.059 ms","timestamp":"2026-02-13 14:33:03"}
{"level":"warn","message":"User not found","timestamp":"2026-02-13 14:33:32","uid":"619KiLY9kGQBfmb5FfM3zP26gKC3"}
{"level":"info","message":"f435bd9e-1ffb-48c3-97ce-4f12f350c79e GET /api/user-role/619KiLY9kGQBfmb5FfM3zP26gKC3 404 26 - 3.179 ms","timestamp":"2026-02-13 14:33:32"}
{"level":"info","message":"fa7390c4-97de-4770-a896-024600106ffa GET /api/workbooks?owner_id=619KiLY9kGQBfmb5FfM3zP26gKC3 304 - - 11.931 ms","timestamp":"2026-02-13 14:39:39"}
{"level":"warn","message":"User not found","timestamp":"2026-02-13 14:39:47","uid":"619KiLY9kGQBfmb5FfM3zP26gKC3"}
{"level":"info","message":"3cd102a1-0acb-4070-a196-b542270463bd GET /api/user-role/619KiLY9kGQBfmb5FfM3zP26gKC3 404 26 - 2.955 ms","timestamp":"2026-02-13 14:39:47"}
{"level":"info","message":"5022dd2e-bf83-4f61-b44e-78494fc0212b GET /api/users 200 2 - 224.477 ms","timestamp":"2026-02-13 16:20:52"}
{"level":"warn","message":"User not found","timestamp":"2026-02-13 16:27:29","uid":"619KiLY9kGQBfmb5FfM3zP26gKC3"}
{"level":"info","message":"f2808c56-eeff-465b-86d1-214f4a96f19b GET /api/user-role/619KiLY9kGQBfmb5FfM3zP26gKC3 404 26 - 15.387 ms","timestamp":"2026-02-13 16:27:29"}
{"level":"info","message":"fc25e2b7-9afb-4d11-807b-c2a9cdb913da GET /api/users 200 2 - 2.048 ms","timestamp":"2026-02-13 16:27:34"}
{"level":"info","message":"5518fb2d-070e-4f35-bce7-488f24d96f4f GET /api/commits?user_id=619KiLY9kGQBfmb5FfM3zP26gKC3&limit=50&offset=0 404 150 - 75.315 ms","timestamp":"2026-02-13 16:27:42"}
{"level":"info","message":"c067aa3c-e526-4ece-80e2-9043c06dc370 GET /api/commits?user_id=nonexistent 404 150 - 2.150 ms","timestamp":"2026-02-13 16:27:51"}
{"level":"info","message":"1d6f1a28-b77f-4a5b-b8e7-cfff8adbe05b GET /api/workbooks?owner_id=619KiLY9kGQBfmb5FfM3zP26gKC3 304 - - 19.113 ms","timestamp":"2026-02-13 16:30:07"}
{"level":"info","message":"5d2a510d-1cdc-4072-9395-c2d96cf64147 GET /api/workbooks/3 304 - - 51.040 ms","timestamp":"2026-02-13 16:30:09"}
{"commitId":10,"level":"info","message":"Commit created successfully","timestamp":"2026-02-13 16:30:26","user_id":"619KiLY9kGQBfmb5FfM3zP26gKC3","workbook_id":3}
{"level":"info","message":"fff892c3-1c21-425e-9e43-4e540ed368dc POST /api/commits 201 238 - 368.102 ms","timestamp":"2026-02-13 16:30:26"}
{"level":"info","message":"60b7b5bf-285b-4a72-9c50-9466669ef6ff GET /api/workbooks/3/commits?limit=50&offset=0 200 865 - 14.964 ms","timestamp":"2026-02-13 16:32:44"}
{"level":"info","message":"338263fa-d5a9-46cd-a1ad-b3a1b6340c10 GET /api/commits?user_id=619KiLY9kGQBfmb5FfM3zP26gKC3&limit=50&offset=0 404 150 - 0.662 ms","timestamp":"2026-02-13 16:32:48"}
{"level":"info","message":"5ab93c4b-b03b-498d-bb27-37c8efe103d0 GET /api/commits?user_id=619KiLY9kGQBfmb5FfM3zP26gKC3&limit=50&offset=0 404 150 - 20.155 ms","timestamp":"2026-02-13 17:24:07"}
{"level":"info","message":"Server running on port 5001","timestamp":"2026-02-13 17:27:42"}
{"level":"info","message":"WebSocket server ready","timestamp":"2026-02-13 17:27:42"}
{"level":"info","message":"All optimization modules loaded successfully","timestamp":"2026-02-13 17:27:42"}
{"level":"info","message":"bfbabc55-9625-4452-92ad-9a82730b8f1b GET /api/commits?user_id=619KiLY9kGQBfmb5FfM3zP26gKC3&limit=50&offset=0 404 150 - 8.486 ms","timestamp":"2026-02-13 17:27:43"}
{"level":"info","message":"Server running on port 5000","timestamp":"2026-02-13 17:29:39"}
{"level":"info","message":"WebSocket server ready","timestamp":"2026-02-13 17:29:39"}
{"level":"info","message":"All optimization modules loaded successfully","timestamp":"2026-02-13 17:29:39"}
{"level":"info","message":"70d23d16-c755-42fc-ab73-29596d150fda GET /api/commits?user_id=nonexistent 200 14 - 63.893 ms","timestamp":"2026-02-13 17:30:04"}
{"level":"warn","message":"User not found","timestamp":"2026-02-13 17:46:47","uid":"619KiLY9kGQBfmb5FfM3zP26gKC3"}
{"level":"info","message":"0078adcc-50fd-437e-ba99-8fca3d885f97 GET /api/user-role/619KiLY9kGQBfmb5FfM3zP26gKC3 404 26 - 132.051 ms","timestamp":"2026-02-13 17:46:47"}
{"level":"warn","message":"User not found","timestamp":"2026-02-13 17:46:47","uid":"619KiLY9kGQBfmb5FfM3zP26gKC3"}
{"level":"info","message":"da6870cd-a667-4b5d-8adf-d84f61442f7c GET /api/user-role/619KiLY9kGQBfmb5FfM3zP26gKC3 404 26 - 4.653 ms","timestamp":"2026-02-13 17:46:47"}
{"level":"info","message":"6cb47c9c-f5da-456b-aee4-5b3d67b99f17 GET /api/workbooks?owner_id=619KiLY9kGQBfmb5FfM3zP26gKC3 200 167 - 35.203 ms","timestamp":"2026-02-13 17:46:49"}
{"level":"info","message":"a75e3a76-dda6-4d22-bc1b-d43d38e5d0e6 GET /api/workbooks/3 200 8220 - 70.951 ms","timestamp":"2026-02-13 17:46:54"}
{"level":"info","message":"675b8fd9-1835-4104-b219-ec0531acc94d GET /api/commits?user_id=619KiLY9kGQBfmb5FfM3zP26gKC3&limit=50&offset=0 200 1105 - 27.637 ms","timestamp":"2026-02-13 17:46:55"}
{"level":"info","message":"f208942c-70f4-4615-a49e-8fea8014e9b7 GET /api/workbooks/3 304 - - 10.668 ms","timestamp":"2026-02-13 17:46:58"}
{"level":"info","message":"e6481307-dc8b-4a2e-b5f8-fbad92ff91b1 GET /api/commits?user_id=619KiLY9kGQBfmb5FfM3zP26gKC3&limit=50&offset=0 304 - - 4.706 ms","timestamp":"2026-02-13 17:47:01"}
{"level":"info","message":"72849614-b490-4a43-a2df-83d262a7032e GET /api/workbooks/3 304 - - 10.777 ms","timestamp":"2026-02-13 17:47:02"}
{"level":"info","message":"a0651066-cd16-4a39-a318-6949339f7f60 GET /api/commits?user_id=619KiLY9kGQBfmb5FfM3zP26gKC3&limit=50&offset=0 304 - - 68.382 ms","timestamp":"2026-02-13 17:51:29"}
{"level":"warn","message":"User not found","timestamp":"2026-02-13 17:54:59","uid":"619KiLY9kGQBfmb5FfM3zP26gKC3"}
{"level":"info","message":"115f10cd-615a-4e99-bac5-e2a92f54ea0a GET /api/user-role/619KiLY9kGQBfmb5FfM3zP26gKC3 404 26 - 43.104 ms","timestamp":"2026-02-13 17:54:59"}
{"level":"info","message":"d23da34d-80f2-45c4-ba49-b4e8b8cedcb1 GET /api/workbooks?owner_id=619KiLY9kGQBfmb5FfM3zP26gKC3 304 - - 22.713 ms","timestamp":"2026-02-13 17:55:01"}
{"level":"warn","message":"User not found","timestamp":"2026-02-13 18:23:05","uid":"619KiLY9kGQBfmb5FfM3zP26gKC3"}
{"level":"info","message":"0fee1aba-6045-4f10-a1dc-333e7e8cfe78 GET /api/user-role/619KiLY9kGQBfmb5FfM3zP26gKC3 404 26 - 213.586 ms","timestamp":"2026-02-13 18:23:05"}
{"level":"info","message":"9675e34a-af64-4c8c-85d9-47df5f436bc9 GET /api/workbooks?owner_id=619KiLY9kGQBfmb5FfM3zP26gKC3 304 - - 21.484 ms","timestamp":"2026-02-13 18:23:06"}
{"level":"info","message":"68d0ed97-b758-4d1a-8011-8aa243337086 GET /api/commits?user_id=619KiLY9kGQBfmb5FfM3zP26gKC3&limit=50&offset=0 200 1105 - 35.701 ms","timestamp":"2026-02-13 18:23:19"}
{"level":"info","message":"b95e5ebb-68bc-4bd7-a8f1-871a7d12c417 GET /api/workbooks?owner_id=619KiLY9kGQBfmb5FfM3zP26gKC3 304 - - 17.333 ms","timestamp":"2026-02-13 18:24:05"}
